Build started 01-12-2021 14:58:47.
     1>Project "E:\Miki\IIT G Mtech study\Speech processing\Assignments\Tic tac toe\Tictactoe\Tictactoe\Tictactoe.vcxproj" on node 2 (build target(s)).
     1>InitializeBuildStatus:
         Creating "Debug\Tictactoe.unsuccessfulbuild" because "AlwaysCreate" was specified.
       GenerateTargetFrameworkMonikerAttribute:
       Skipping target "GenerateTargetFrameworkMonikerAttribute" because all output files are up-to-date with respect to the input files.
       ClCompile:
         All outputs are up-to-date.
         C:\Program Files (x86)\Microsoft Visual Studio 10.0\VC\bin\CL.exe /c /AI"C:\Program Files (x86)\Reference Assemblies\Microsoft\Framework\.NETFramework\v4.0" /Zi /clr:pure /nologo /W3 /WX- /Od /Oy- /D WIN32 /D _DEBUG /D _UNICODE /D UNICODE /EHa /MDd /GS /fp:precise /Zc:wchar_t /Zc:forScope /Yu"StdAfx.h" /Fp"Debug\Tictactoe.pch" /Fo"Debug\\" /Fd"Debug\vc100.pdb" /TP /FU"C:\Program Files (x86)\Reference Assemblies\Microsoft\Framework\.NETFramework\v4.0\System.Core.dll" /FU"C:\Program Files (x86)\Reference Assemblies\Microsoft\Framework\.NETFramework\v4.0\System.Data.dll" /FU"C:\Program Files (x86)\Reference Assemblies\Microsoft\Framework\.NETFramework\v4.0\System.dll" /FU"C:\Program Files (x86)\Reference Assemblies\Microsoft\Framework\.NETFramework\v4.0\System.Drawing.dll" /FU"C:\Program Files (x86)\Reference Assemblies\Microsoft\Framework\.NETFramework\v4.0\System.Windows.Forms.dll" /FU"C:\Program Files (x86)\Reference Assemblies\Microsoft\Framework\.NETFramework\v4.0\System.Xml.dll" /analyze- /errorReport:prompt Tictactoe.cpp /clr:nostdlib 
         Tictactoe.cpp
     1>e:\miki\iit g mtech study\speech processing\assignments\tic tac toe\tictactoe\tictactoe\hmm_connection.h(98): warning C4996: 'sprintf': This function or variable may be unsafe. Consider using sprintf_s instead. To disable deprecation, use _CRT_SECURE_NO_WARNINGS. See online help for details.
                 C:\Program Files (x86)\Microsoft Visual Studio 10.0\VC\include\stdio.h(371) : see declaration of 'sprintf'
     1>e:\miki\iit g mtech study\speech processing\assignments\tic tac toe\tictactoe\tictactoe\hmm_connection.h(258): warning C4996: 'fopen': This function or variable may be unsafe. Consider using fopen_s instead. To disable deprecation, use _CRT_SECURE_NO_WARNINGS. See online help for details.
                 C:\Program Files (x86)\Microsoft Visual Studio 10.0\VC\include\stdio.h(234) : see declaration of 'fopen'
     1>e:\miki\iit g mtech study\speech processing\assignments\tic tac toe\tictactoe\tictactoe\hmm_connection.h(266): warning C4996: 'fscanf': This function or variable may be unsafe. Consider using fscanf_s instead. To disable deprecation, use _CRT_SECURE_NO_WARNINGS. See online help for details.
                 C:\Program Files (x86)\Microsoft Visual Studio 10.0\VC\include\stdio.h(253) : see declaration of 'fscanf'
     1>e:\miki\iit g mtech study\speech processing\assignments\tic tac toe\tictactoe\tictactoe\hmm_connection.h(505): warning C4244: 'argument' : conversion from 'long double' to 'int', possible loss of data
     1>e:\miki\iit g mtech study\speech processing\assignments\tic tac toe\tictactoe\tictactoe\hmm_connection.h(586): warning C4996: 'fopen': This function or variable may be unsafe. Consider using fopen_s instead. To disable deprecation, use _CRT_SECURE_NO_WARNINGS. See online help for details.
                 C:\Program Files (x86)\Microsoft Visual Studio 10.0\VC\include\stdio.h(234) : see declaration of 'fopen'
     1>e:\miki\iit g mtech study\speech processing\assignments\tic tac toe\tictactoe\tictactoe\hmm_connection.h(591): warning C4996: 'fopen': This function or variable may be unsafe. Consider using fopen_s instead. To disable deprecation, use _CRT_SECURE_NO_WARNINGS. See online help for details.
                 C:\Program Files (x86)\Microsoft Visual Studio 10.0\VC\include\stdio.h(234) : see declaration of 'fopen'
     1>e:\miki\iit g mtech study\speech processing\assignments\tic tac toe\tictactoe\tictactoe\hmm_connection.h(632): warning C4996: 'fopen': This function or variable may be unsafe. Consider using fopen_s instead. To disable deprecation, use _CRT_SECURE_NO_WARNINGS. See online help for details.
                 C:\Program Files (x86)\Microsoft Visual Studio 10.0\VC\include\stdio.h(234) : see declaration of 'fopen'
     1>e:\miki\iit g mtech study\speech processing\assignments\tic tac toe\tictactoe\tictactoe\hmm_connection.h(648): warning C4996: 'fopen': This function or variable may be unsafe. Consider using fopen_s instead. To disable deprecation, use _CRT_SECURE_NO_WARNINGS. See online help for details.
                 C:\Program Files (x86)\Microsoft Visual Studio 10.0\VC\include\stdio.h(234) : see declaration of 'fopen'
     1>e:\miki\iit g mtech study\speech processing\assignments\tic tac toe\tictactoe\tictactoe\hmm_connection.h(682): warning C4996: 'strcat': This function or variable may be unsafe. Consider using strcat_s instead. To disable deprecation, use _CRT_SECURE_NO_WARNINGS. See online help for details.
                 C:\Program Files (x86)\Microsoft Visual Studio 10.0\VC\include\string.h(110) : see declaration of 'strcat'
     1>e:\miki\iit g mtech study\speech processing\assignments\tic tac toe\tictactoe\tictactoe\hmm_connection.h(683): warning C4996: 'strcat': This function or variable may be unsafe. Consider using strcat_s instead. To disable deprecation, use _CRT_SECURE_NO_WARNINGS. See online help for details.
                 C:\Program Files (x86)\Microsoft Visual Studio 10.0\VC\include\string.h(110) : see declaration of 'strcat'
     1>e:\miki\iit g mtech study\speech processing\assignments\tic tac toe\tictactoe\tictactoe\hmm_connection.h(684): warning C4996: 'strcat': This function or variable may be unsafe. Consider using strcat_s instead. To disable deprecation, use _CRT_SECURE_NO_WARNINGS. See online help for details.
                 C:\Program Files (x86)\Microsoft Visual Studio 10.0\VC\include\string.h(110) : see declaration of 'strcat'
     1>e:\miki\iit g mtech study\speech processing\assignments\tic tac toe\tictactoe\tictactoe\hmm_connection.h(686): warning C4996: 'strcat': This function or variable may be unsafe. Consider using strcat_s instead. To disable deprecation, use _CRT_SECURE_NO_WARNINGS. See online help for details.
                 C:\Program Files (x86)\Microsoft Visual Studio 10.0\VC\include\string.h(110) : see declaration of 'strcat'
     1>e:\miki\iit g mtech study\speech processing\assignments\tic tac toe\tictactoe\tictactoe\hmm_connection.h(687): warning C4996: 'strcat': This function or variable may be unsafe. Consider using strcat_s instead. To disable deprecation, use _CRT_SECURE_NO_WARNINGS. See online help for details.
                 C:\Program Files (x86)\Microsoft Visual Studio 10.0\VC\include\string.h(110) : see declaration of 'strcat'
     1>e:\miki\iit g mtech study\speech processing\assignments\tic tac toe\tictactoe\tictactoe\hmm_connection.h(688): warning C4996: 'strcat': This function or variable may be unsafe. Consider using strcat_s instead. To disable deprecation, use _CRT_SECURE_NO_WARNINGS. See online help for details.
                 C:\Program Files (x86)\Microsoft Visual Studio 10.0\VC\include\string.h(110) : see declaration of 'strcat'
     1>e:\miki\iit g mtech study\speech processing\assignments\tic tac toe\tictactoe\tictactoe\hmm_connection.h(691): warning C4996: 'strcat': This function or variable may be unsafe. Consider using strcat_s instead. To disable deprecation, use _CRT_SECURE_NO_WARNINGS. See online help for details.
                 C:\Program Files (x86)\Microsoft Visual Studio 10.0\VC\include\string.h(110) : see declaration of 'strcat'
     1>e:\miki\iit g mtech study\speech processing\assignments\tic tac toe\tictactoe\tictactoe\hmm_connection.h(692): warning C4996: 'strcat': This function or variable may be unsafe. Consider using strcat_s instead. To disable deprecation, use _CRT_SECURE_NO_WARNINGS. See online help for details.
                 C:\Program Files (x86)\Microsoft Visual Studio 10.0\VC\include\string.h(110) : see declaration of 'strcat'
     1>e:\miki\iit g mtech study\speech processing\assignments\tic tac toe\tictactoe\tictactoe\hmm_connection.h(693): warning C4996: 'strcat': This function or variable may be unsafe. Consider using strcat_s instead. To disable deprecation, use _CRT_SECURE_NO_WARNINGS. See online help for details.
                 C:\Program Files (x86)\Microsoft Visual Studio 10.0\VC\include\string.h(110) : see declaration of 'strcat'
     1>e:\miki\iit g mtech study\speech processing\assignments\tic tac toe\tictactoe\tictactoe\hmm_connection.h(694): warning C4996: 'strcat': This function or variable may be unsafe. Consider using strcat_s instead. To disable deprecation, use _CRT_SECURE_NO_WARNINGS. See online help for details.
                 C:\Program Files (x86)\Microsoft Visual Studio 10.0\VC\include\string.h(110) : see declaration of 'strcat'
     1>e:\miki\iit g mtech study\speech processing\assignments\tic tac toe\tictactoe\tictactoe\hmm_connection.h(695): warning C4996: 'strcat': This function or variable may be unsafe. Consider using strcat_s instead. To disable deprecation, use _CRT_SECURE_NO_WARNINGS. See online help for details.
                 C:\Program Files (x86)\Microsoft Visual Studio 10.0\VC\include\string.h(110) : see declaration of 'strcat'
     1>e:\miki\iit g mtech study\speech processing\assignments\tic tac toe\tictactoe\tictactoe\hmm_connection.h(696): warning C4996: 'strcat': This function or variable may be unsafe. Consider using strcat_s instead. To disable deprecation, use _CRT_SECURE_NO_WARNINGS. See online help for details.
                 C:\Program Files (x86)\Microsoft Visual Studio 10.0\VC\include\string.h(110) : see declaration of 'strcat'
     1>e:\miki\iit g mtech study\speech processing\assignments\tic tac toe\tictactoe\tictactoe\hmm_connection.h(700): warning C4996: 'strcat': This function or variable may be unsafe. Consider using strcat_s instead. To disable deprecation, use _CRT_SECURE_NO_WARNINGS. See online help for details.
                 C:\Program Files (x86)\Microsoft Visual Studio 10.0\VC\include\string.h(110) : see declaration of 'strcat'
     1>e:\miki\iit g mtech study\speech processing\assignments\tic tac toe\tictactoe\tictactoe\hmm_connection.h(701): warning C4996: 'strcat': This function or variable may be unsafe. Consider using strcat_s instead. To disable deprecation, use _CRT_SECURE_NO_WARNINGS. See online help for details.
                 C:\Program Files (x86)\Microsoft Visual Studio 10.0\VC\include\string.h(110) : see declaration of 'strcat'
     1>e:\miki\iit g mtech study\speech processing\assignments\tic tac toe\tictactoe\tictactoe\hmm_connection.h(702): warning C4996: 'strcat': This function or variable may be unsafe. Consider using strcat_s instead. To disable deprecation, use _CRT_SECURE_NO_WARNINGS. See online help for details.
                 C:\Program Files (x86)\Microsoft Visual Studio 10.0\VC\include\string.h(110) : see declaration of 'strcat'
     1>e:\miki\iit g mtech study\speech processing\assignments\tic tac toe\tictactoe\tictactoe\hmm_connection.h(703): warning C4996: 'strcat': This function or variable may be unsafe. Consider using strcat_s instead. To disable deprecation, use _CRT_SECURE_NO_WARNINGS. See online help for details.
                 C:\Program Files (x86)\Microsoft Visual Studio 10.0\VC\include\string.h(110) : see declaration of 'strcat'
     1>e:\miki\iit g mtech study\speech processing\assignments\tic tac toe\tictactoe\tictactoe\hmm_connection.h(704): warning C4996: 'strcat': This function or variable may be unsafe. Consider using strcat_s instead. To disable deprecation, use _CRT_SECURE_NO_WARNINGS. See online help for details.
                 C:\Program Files (x86)\Microsoft Visual Studio 10.0\VC\include\string.h(110) : see declaration of 'strcat'
     1>e:\miki\iit g mtech study\speech processing\assignments\tic tac toe\tictactoe\tictactoe\hmm_connection.h(705): warning C4996: 'strcat': This function or variable may be unsafe. Consider using strcat_s instead. To disable deprecation, use _CRT_SECURE_NO_WARNINGS. See online help for details.
                 C:\Program Files (x86)\Microsoft Visual Studio 10.0\VC\include\string.h(110) : see declaration of 'strcat'
     1>e:\miki\iit g mtech study\speech processing\assignments\tic tac toe\tictactoe\tictactoe\hmm_connection.h(709): warning C4996: 'strcat': This function or variable may be unsafe. Consider using strcat_s instead. To disable deprecation, use _CRT_SECURE_NO_WARNINGS. See online help for details.
                 C:\Program Files (x86)\Microsoft Visual Studio 10.0\VC\include\string.h(110) : see declaration of 'strcat'
     1>e:\miki\iit g mtech study\speech processing\assignments\tic tac toe\tictactoe\tictactoe\hmm_connection.h(710): warning C4996: 'strcat': This function or variable may be unsafe. Consider using strcat_s instead. To disable deprecation, use _CRT_SECURE_NO_WARNINGS. See online help for details.
                 C:\Program Files (x86)\Microsoft Visual Studio 10.0\VC\include\string.h(110) : see declaration of 'strcat'
     1>e:\miki\iit g mtech study\speech processing\assignments\tic tac toe\tictactoe\tictactoe\hmm_connection.h(711): warning C4996: 'strcat': This function or variable may be unsafe. Consider using strcat_s instead. To disable deprecation, use _CRT_SECURE_NO_WARNINGS. See online help for details.
                 C:\Program Files (x86)\Microsoft Visual Studio 10.0\VC\include\string.h(110) : see declaration of 'strcat'
     1>e:\miki\iit g mtech study\speech processing\assignments\tic tac toe\tictactoe\tictactoe\hmm_connection.h(712): warning C4996: 'strcat': This function or variable may be unsafe. Consider using strcat_s instead. To disable deprecation, use _CRT_SECURE_NO_WARNINGS. See online help for details.
                 C:\Program Files (x86)\Microsoft Visual Studio 10.0\VC\include\string.h(110) : see declaration of 'strcat'
     1>e:\miki\iit g mtech study\speech processing\assignments\tic tac toe\tictactoe\tictactoe\hmm_connection.h(713): warning C4996: 'strcat': This function or variable may be unsafe. Consider using strcat_s instead. To disable deprecation, use _CRT_SECURE_NO_WARNINGS. See online help for details.
                 C:\Program Files (x86)\Microsoft Visual Studio 10.0\VC\include\string.h(110) : see declaration of 'strcat'
     1>e:\miki\iit g mtech study\speech processing\assignments\tic tac toe\tictactoe\tictactoe\hmm_connection.h(714): warning C4996: 'strcat': This function or variable may be unsafe. Consider using strcat_s instead. To disable deprecation, use _CRT_SECURE_NO_WARNINGS. See online help for details.
                 C:\Program Files (x86)\Microsoft Visual Studio 10.0\VC\include\string.h(110) : see declaration of 'strcat'
     1>e:\miki\iit g mtech study\speech processing\assignments\tic tac toe\tictactoe\tictactoe\hmm_connection.h(721): warning C4996: 'strcat': This function or variable may be unsafe. Consider using strcat_s instead. To disable deprecation, use _CRT_SECURE_NO_WARNINGS. See online help for details.
                 C:\Program Files (x86)\Microsoft Visual Studio 10.0\VC\include\string.h(110) : see declaration of 'strcat'
     1>e:\miki\iit g mtech study\speech processing\assignments\tic tac toe\tictactoe\tictactoe\hmm_connection.h(722): warning C4996: 'strcat': This function or variable may be unsafe. Consider using strcat_s instead. To disable deprecation, use _CRT_SECURE_NO_WARNINGS. See online help for details.
                 C:\Program Files (x86)\Microsoft Visual Studio 10.0\VC\include\string.h(110) : see declaration of 'strcat'
     1>e:\miki\iit g mtech study\speech processing\assignments\tic tac toe\tictactoe\tictactoe\hmm_connection.h(723): warning C4996: 'strcat': This function or variable may be unsafe. Consider using strcat_s instead. To disable deprecation, use _CRT_SECURE_NO_WARNINGS. See online help for details.
                 C:\Program Files (x86)\Microsoft Visual Studio 10.0\VC\include\string.h(110) : see declaration of 'strcat'
     1>e:\miki\iit g mtech study\speech processing\assignments\tic tac toe\tictactoe\tictactoe\hmm_connection.h(724): warning C4996: 'strcat': This function or variable may be unsafe. Consider using strcat_s instead. To disable deprecation, use _CRT_SECURE_NO_WARNINGS. See online help for details.
                 C:\Program Files (x86)\Microsoft Visual Studio 10.0\VC\include\string.h(110) : see declaration of 'strcat'
     1>e:\miki\iit g mtech study\speech processing\assignments\tic tac toe\tictactoe\tictactoe\hmm_connection.h(724): warning C4996: 'itoa': The POSIX name for this item is deprecated. Instead, use the ISO C++ conformant name: _itoa. See online help for details.
                 C:\Program Files (x86)\Microsoft Visual Studio 10.0\VC\include\stdlib.h(867) : see declaration of 'itoa'
     1>e:\miki\iit g mtech study\speech processing\assignments\tic tac toe\tictactoe\tictactoe\hmm_connection.h(725): warning C4996: 'strcat': This function or variable may be unsafe. Consider using strcat_s instead. To disable deprecation, use _CRT_SECURE_NO_WARNINGS. See online help for details.
                 C:\Program Files (x86)\Microsoft Visual Studio 10.0\VC\include\string.h(110) : see declaration of 'strcat'
     1>e:\miki\iit g mtech study\speech processing\assignments\tic tac toe\tictactoe\tictactoe\hmm_connection.h(726): warning C4996: 'strcat': This function or variable may be unsafe. Consider using strcat_s instead. To disable deprecation, use _CRT_SECURE_NO_WARNINGS. See online help for details.
                 C:\Program Files (x86)\Microsoft Visual Studio 10.0\VC\include\string.h(110) : see declaration of 'strcat'
     1>e:\miki\iit g mtech study\speech processing\assignments\tic tac toe\tictactoe\tictactoe\hmm_connection.h(733): warning C4996: 'strcat': This function or variable may be unsafe. Consider using strcat_s instead. To disable deprecation, use _CRT_SECURE_NO_WARNINGS. See online help for details.
                 C:\Program Files (x86)\Microsoft Visual Studio 10.0\VC\include\string.h(110) : see declaration of 'strcat'
     1>e:\miki\iit g mtech study\speech processing\assignments\tic tac toe\tictactoe\tictactoe\hmm_connection.h(734): warning C4996: 'strcat': This function or variable may be unsafe. Consider using strcat_s instead. To disable deprecation, use _CRT_SECURE_NO_WARNINGS. See online help for details.
                 C:\Program Files (x86)\Microsoft Visual Studio 10.0\VC\include\string.h(110) : see declaration of 'strcat'
     1>e:\miki\iit g mtech study\speech processing\assignments\tic tac toe\tictactoe\tictactoe\hmm_connection.h(735): warning C4996: 'strcat': This function or variable may be unsafe. Consider using strcat_s instead. To disable deprecation, use _CRT_SECURE_NO_WARNINGS. See online help for details.
                 C:\Program Files (x86)\Microsoft Visual Studio 10.0\VC\include\string.h(110) : see declaration of 'strcat'
     1>e:\miki\iit g mtech study\speech processing\assignments\tic tac toe\tictactoe\tictactoe\hmm_connection.h(736): warning C4996: 'strcat': This function or variable may be unsafe. Consider using strcat_s instead. To disable deprecation, use _CRT_SECURE_NO_WARNINGS. See online help for details.
                 C:\Program Files (x86)\Microsoft Visual Studio 10.0\VC\include\string.h(110) : see declaration of 'strcat'
     1>e:\miki\iit g mtech study\speech processing\assignments\tic tac toe\tictactoe\tictactoe\hmm_connection.h(737): warning C4996: 'strcat': This function or variable may be unsafe. Consider using strcat_s instead. To disable deprecation, use _CRT_SECURE_NO_WARNINGS. See online help for details.
                 C:\Program Files (x86)\Microsoft Visual Studio 10.0\VC\include\string.h(110) : see declaration of 'strcat'
     1>e:\miki\iit g mtech study\speech processing\assignments\tic tac toe\tictactoe\tictactoe\hmm_connection.h(738): warning C4996: 'strcat': This function or variable may be unsafe. Consider using strcat_s instead. To disable deprecation, use _CRT_SECURE_NO_WARNINGS. See online help for details.
                 C:\Program Files (x86)\Microsoft Visual Studio 10.0\VC\include\string.h(110) : see declaration of 'strcat'
     1>e:\miki\iit g mtech study\speech processing\assignments\tic tac toe\tictactoe\tictactoe\hmm_connection.h(818): warning C4996: 'fopen': This function or variable may be unsafe. Consider using fopen_s instead. To disable deprecation, use _CRT_SECURE_NO_WARNINGS. See online help for details.
                 C:\Program Files (x86)\Microsoft Visual Studio 10.0\VC\include\stdio.h(234) : see declaration of 'fopen'
     1>e:\miki\iit g mtech study\speech processing\assignments\tic tac toe\tictactoe\tictactoe\hmm_connection.h(825): warning C4996: 'strtok': This function or variable may be unsafe. Consider using strtok_s instead. To disable deprecation, use _CRT_SECURE_NO_WARNINGS. See online help for details.
                 C:\Program Files (x86)\Microsoft Visual Studio 10.0\VC\include\string.h(197) : see declaration of 'strtok'
     1>e:\miki\iit g mtech study\speech processing\assignments\tic tac toe\tictactoe\tictactoe\hmm_connection.h(830): warning C4996: 'strtok': This function or variable may be unsafe. Consider using strtok_s instead. To disable deprecation, use _CRT_SECURE_NO_WARNINGS. See online help for details.
                 C:\Program Files (x86)\Microsoft Visual Studio 10.0\VC\include\string.h(197) : see declaration of 'strtok'
     1>e:\miki\iit g mtech study\speech processing\assignments\tic tac toe\tictactoe\tictactoe\hmm_connection.h(856): warning C4996: 'fopen': This function or variable may be unsafe. Consider using fopen_s instead. To disable deprecation, use _CRT_SECURE_NO_WARNINGS. See online help for details.
                 C:\Program Files (x86)\Microsoft Visual Studio 10.0\VC\include\stdio.h(234) : see declaration of 'fopen'
     1>e:\miki\iit g mtech study\speech processing\assignments\tic tac toe\tictactoe\tictactoe\hmm_connection.h(863): warning C4996: 'strtok': This function or variable may be unsafe. Consider using strtok_s instead. To disable deprecation, use _CRT_SECURE_NO_WARNINGS. See online help for details.
                 C:\Program Files (x86)\Microsoft Visual Studio 10.0\VC\include\string.h(197) : see declaration of 'strtok'
     1>e:\miki\iit g mtech study\speech processing\assignments\tic tac toe\tictactoe\tictactoe\hmm_connection.h(868): warning C4996: 'strtok': This function or variable may be unsafe. Consider using strtok_s instead. To disable deprecation, use _CRT_SECURE_NO_WARNINGS. See online help for details.
                 C:\Program Files (x86)\Microsoft Visual Studio 10.0\VC\include\string.h(197) : see declaration of 'strtok'
     1>e:\miki\iit g mtech study\speech processing\assignments\tic tac toe\tictactoe\tictactoe\hmm_connection.h(893): warning C4996: 'fopen': This function or variable may be unsafe. Consider using fopen_s instead. To disable deprecation, use _CRT_SECURE_NO_WARNINGS. See online help for details.
                 C:\Program Files (x86)\Microsoft Visual Studio 10.0\VC\include\stdio.h(234) : see declaration of 'fopen'
     1>e:\miki\iit g mtech study\speech processing\assignments\tic tac toe\tictactoe\tictactoe\hmm_connection.h(900): warning C4996: 'strtok': This function or variable may be unsafe. Consider using strtok_s instead. To disable deprecation, use _CRT_SECURE_NO_WARNINGS. See online help for details.
                 C:\Program Files (x86)\Microsoft Visual Studio 10.0\VC\include\string.h(197) : see declaration of 'strtok'
     1>e:\miki\iit g mtech study\speech processing\assignments\tic tac toe\tictactoe\tictactoe\hmm_connection.h(905): warning C4996: 'strtok': This function or variable may be unsafe. Consider using strtok_s instead. To disable deprecation, use _CRT_SECURE_NO_WARNINGS. See online help for details.
                 C:\Program Files (x86)\Microsoft Visual Studio 10.0\VC\include\string.h(197) : see declaration of 'strtok'
     1>e:\miki\iit g mtech study\speech processing\assignments\tic tac toe\tictactoe\tictactoe\hmm_connection.h(928): warning C4996: 'fopen': This function or variable may be unsafe. Consider using fopen_s instead. To disable deprecation, use _CRT_SECURE_NO_WARNINGS. See online help for details.
                 C:\Program Files (x86)\Microsoft Visual Studio 10.0\VC\include\stdio.h(234) : see declaration of 'fopen'
     1>e:\miki\iit g mtech study\speech processing\assignments\tic tac toe\tictactoe\tictactoe\hmm_connection.h(937): warning C4996: 'strtok': This function or variable may be unsafe. Consider using strtok_s instead. To disable deprecation, use _CRT_SECURE_NO_WARNINGS. See online help for details.
                 C:\Program Files (x86)\Microsoft Visual Studio 10.0\VC\include\string.h(197) : see declaration of 'strtok'
     1>e:\miki\iit g mtech study\speech processing\assignments\tic tac toe\tictactoe\tictactoe\hmm_connection.h(942): warning C4996: 'strtok': This function or variable may be unsafe. Consider using strtok_s instead. To disable deprecation, use _CRT_SECURE_NO_WARNINGS. See online help for details.
                 C:\Program Files (x86)\Microsoft Visual Studio 10.0\VC\include\string.h(197) : see declaration of 'strtok'
     1>e:\miki\iit g mtech study\speech processing\assignments\tic tac toe\tictactoe\tictactoe\hmm_connection.h(999): warning C4996: 'fopen': This function or variable may be unsafe. Consider using fopen_s instead. To disable deprecation, use _CRT_SECURE_NO_WARNINGS. See online help for details.
                 C:\Program Files (x86)\Microsoft Visual Studio 10.0\VC\include\stdio.h(234) : see declaration of 'fopen'
     1>e:\miki\iit g mtech study\speech processing\assignments\tic tac toe\tictactoe\tictactoe\hmm_connection.h(1005): warning C4996: 'fopen': This function or variable may be unsafe. Consider using fopen_s instead. To disable deprecation, use _CRT_SECURE_NO_WARNINGS. See online help for details.
                 C:\Program Files (x86)\Microsoft Visual Studio 10.0\VC\include\stdio.h(234) : see declaration of 'fopen'
     1>e:\miki\iit g mtech study\speech processing\assignments\tic tac toe\tictactoe\tictactoe\hmm_connection.h(1011): warning C4996: 'fopen': This function or variable may be unsafe. Consider using fopen_s instead. To disable deprecation, use _CRT_SECURE_NO_WARNINGS. See online help for details.
                 C:\Program Files (x86)\Microsoft Visual Studio 10.0\VC\include\stdio.h(234) : see declaration of 'fopen'
     1>e:\miki\iit g mtech study\speech processing\assignments\tic tac toe\tictactoe\tictactoe\hmm_connection.h(1191): warning C4996: 'fopen': This function or variable may be unsafe. Consider using fopen_s instead. To disable deprecation, use _CRT_SECURE_NO_WARNINGS. See online help for details.
                 C:\Program Files (x86)\Microsoft Visual Studio 10.0\VC\include\stdio.h(234) : see declaration of 'fopen'
     1>e:\miki\iit g mtech study\speech processing\assignments\tic tac toe\tictactoe\tictactoe\hmm_connection.h(1197): warning C4996: 'fopen': This function or variable may be unsafe. Consider using fopen_s instead. To disable deprecation, use _CRT_SECURE_NO_WARNINGS. See online help for details.
                 C:\Program Files (x86)\Microsoft Visual Studio 10.0\VC\include\stdio.h(234) : see declaration of 'fopen'
     1>e:\miki\iit g mtech study\speech processing\assignments\tic tac toe\tictactoe\tictactoe\hmm_connection.h(1203): warning C4996: 'fopen': This function or variable may be unsafe. Consider using fopen_s instead. To disable deprecation, use _CRT_SECURE_NO_WARNINGS. See online help for details.
                 C:\Program Files (x86)\Microsoft Visual Studio 10.0\VC\include\stdio.h(234) : see declaration of 'fopen'
     1>e:\miki\iit g mtech study\speech processing\assignments\tic tac toe\tictactoe\tictactoe\hmm_connection.h(1211): warning C4996: 'fscanf': This function or variable may be unsafe. Consider using fscanf_s instead. To disable deprecation, use _CRT_SECURE_NO_WARNINGS. See online help for details.
                 C:\Program Files (x86)\Microsoft Visual Studio 10.0\VC\include\stdio.h(253) : see declaration of 'fscanf'
     1>e:\miki\iit g mtech study\speech processing\assignments\tic tac toe\tictactoe\tictactoe\hmm_connection.h(1214): warning C4996: 'fscanf': This function or variable may be unsafe. Consider using fscanf_s instead. To disable deprecation, use _CRT_SECURE_NO_WARNINGS. See online help for details.
                 C:\Program Files (x86)\Microsoft Visual Studio 10.0\VC\include\stdio.h(253) : see declaration of 'fscanf'
     1>e:\miki\iit g mtech study\speech processing\assignments\tic tac toe\tictactoe\tictactoe\hmm_connection.h(1216): warning C4996: 'fscanf': This function or variable may be unsafe. Consider using fscanf_s instead. To disable deprecation, use _CRT_SECURE_NO_WARNINGS. See online help for details.
                 C:\Program Files (x86)\Microsoft Visual Studio 10.0\VC\include\stdio.h(253) : see declaration of 'fscanf'
     1>e:\miki\iit g mtech study\speech processing\assignments\tic tac toe\tictactoe\tictactoe\hmm_connection.h(1277): warning C4244: '=' : conversion from 'long double' to 'int', possible loss of data
     1>e:\miki\iit g mtech study\speech processing\assignments\tic tac toe\tictactoe\tictactoe\hmm_connection.h(1341): warning C4996: 'strcpy': This function or variable may be unsafe. Consider using strcpy_s instead. To disable deprecation, use _CRT_SECURE_NO_WARNINGS. See online help for details.
                 C:\Program Files (x86)\Microsoft Visual Studio 10.0\VC\include\string.h(105) : see declaration of 'strcpy'
         All outputs are up-to-date.
       CoreResGen:
         No resources are out of date with respect to their source files. Skipping resource generation.
       ResourceCompile:
         All outputs are up-to-date.
       Link:
         C:\Program Files (x86)\Microsoft Visual Studio 10.0\VC\bin\link.exe /ERRORREPORT:PROMPT /OUT:"E:\Miki\IIT G Mtech study\Speech processing\Assignments\Tic tac toe\Tictactoe\Debug\Tictactoe.exe" /INCREMENTAL /NOLOGO /ASSEMBLYRESOURCE:Debug\Tictactoe.Form1.resources /MANIFEST /ManifestFile:"Debug\Tictactoe.exe.intermediate.manifest" /MANIFESTUAC:"level='asInvoker' uiAccess='false'" /DEBUG /PDB:"E:\Miki\IIT G Mtech study\Speech processing\Assignments\Tic tac toe\Tictactoe\Debug\Tictactoe.pdb" /ASSEMBLYDEBUG /SUBSYSTEM:WINDOWS /TLBID:1 /ENTRY:"main" /DYNAMICBASE /FIXED:NO /NXCOMPAT /MACHINE:X86 Debug\app.res
         Debug\AssemblyInfo.obj
         Debug\stdafx.obj
         Debug\Tictactoe.obj
         "Debug\.NETFramework,Version=v4.0.AssemblyAttributes.obj"
         Tictactoe.vcxproj -> E:\Miki\IIT G Mtech study\Speech processing\Assignments\Tic tac toe\Tictactoe\Debug\Tictactoe.exe
       Manifest:
         C:\Program Files (x86)\Microsoft SDKs\Windows\v7.0A\bin\mt.exe /nologo /verbose /outputresource:"E:\Miki\IIT G Mtech study\Speech processing\Assignments\Tic tac toe\Tictactoe\Debug\Tictactoe.exe;#1" /manifest Debug\Tictactoe.exe.intermediate.manifest
       FinalizeBuildStatus:
         Deleting file "Debug\Tictactoe.unsuccessfulbuild".
         Touching "Debug\Tictactoe.lastbuildstate".
     1>Done Building Project "E:\Miki\IIT G Mtech study\Speech processing\Assignments\Tic tac toe\Tictactoe\Tictactoe\Tictactoe.vcxproj" (build target(s)).

Build succeeded.

Time Elapsed 00:00:01.94
