E:\MIKI\IIT G MTECH STUDY\SPEECH PROCESSING\ASSIGNMENTS\TIC TAC TOE\TICTACTOE\DEBUG\TICTACTOE.EXE
E:\MIKI\IIT G MTECH STUDY\SPEECH PROCESSING\ASSIGNMENTS\TIC TAC TOE\TICTACTOE\DEBUG\TICTACTOE.ILK
E:\MIKI\IIT G MTECH STUDY\SPEECH PROCESSING\ASSIGNMENTS\TIC TAC TOE\TICTACTOE\DEBUG\TICTACTOE.PDB
E:\MIKI\IIT G MTECH STUDY\SPEECH PROCESSING\ASSIGNMENTS\TIC TAC TOE\TICTACTOE\TICTACTOE\DEBUG\.NETFRAMEWORK,VERSION=V4.0.ASSEMBLYATTRIBUTES.OBJ
E:\MIKI\IIT G MTECH STUDY\SPEECH PROCESSING\ASSIGNMENTS\TIC TAC TOE\TICTACTOE\TICTACTOE\DEBUG\APP.RES
E:\MIKI\IIT G MTECH STUDY\SPEECH PROCESSING\ASSIGNMENTS\TIC TAC TOE\TICTACTOE\TICTACTOE\DEBUG\ASSEMBLYINFO.OBJ
E:\Miki\IIT G Mtech study\Speech processing\Assignments\Tic tac toe\Tictactoe\Tictactoe\Debug\cl.command.1.tlog
E:\Miki\IIT G Mtech study\Speech processing\Assignments\Tic tac toe\Tictactoe\Tictactoe\Debug\CL.read.1.tlog
E:\Miki\IIT G Mtech study\Speech processing\Assignments\Tic tac toe\Tictactoe\Tictactoe\Debug\CL.write.1.tlog
E:\Miki\IIT G Mtech study\Speech processing\Assignments\Tic tac toe\Tictactoe\Tictactoe\Debug\link.13460.read.1.tlog
E:\Miki\IIT G Mtech study\Speech processing\Assignments\Tic tac toe\Tictactoe\Tictactoe\Debug\link.13460.write.1.tlog
E:\Miki\IIT G Mtech study\Speech processing\Assignments\Tic tac toe\Tictactoe\Tictactoe\Debug\link.13460-cvtres.read.1.tlog
E:\Miki\IIT G Mtech study\Speech processing\Assignments\Tic tac toe\Tictactoe\Tictactoe\Debug\link.13460-cvtres.write.1.tlog
E:\Miki\IIT G Mtech study\Speech processing\Assignments\Tic tac toe\Tictactoe\Tictactoe\Debug\link.14636.read.1.tlog
E:\Miki\IIT G Mtech study\Speech processing\Assignments\Tic tac toe\Tictactoe\Tictactoe\Debug\link.14636.write.1.tlog
E:\Miki\IIT G Mtech study\Speech processing\Assignments\Tic tac toe\Tictactoe\Tictactoe\Debug\link.14636-cvtres.read.1.tlog
E:\Miki\IIT G Mtech study\Speech processing\Assignments\Tic tac toe\Tictactoe\Tictactoe\Debug\link.14636-cvtres.write.1.tlog
E:\Miki\IIT G Mtech study\Speech processing\Assignments\Tic tac toe\Tictactoe\Tictactoe\Debug\link.7752.read.1.tlog
E:\Miki\IIT G Mtech study\Speech processing\Assignments\Tic tac toe\Tictactoe\Tictactoe\Debug\link.7752.write.1.tlog
E:\Miki\IIT G Mtech study\Speech processing\Assignments\Tic tac toe\Tictactoe\Tictactoe\Debug\link.7752-cvtres.read.1.tlog
E:\Miki\IIT G Mtech study\Speech processing\Assignments\Tic tac toe\Tictactoe\Tictactoe\Debug\link.7752-cvtres.write.1.tlog
E:\Miki\IIT G Mtech study\Speech processing\Assignments\Tic tac toe\Tictactoe\Tictactoe\Debug\link.command.1.tlog
E:\Miki\IIT G Mtech study\Speech processing\Assignments\Tic tac toe\Tictactoe\Tictactoe\Debug\link.read.1.tlog
E:\Miki\IIT G Mtech study\Speech processing\Assignments\Tic tac toe\Tictactoe\Tictactoe\Debug\link.write.1.tlog
E:\Miki\IIT G Mtech study\Speech processing\Assignments\Tic tac toe\Tictactoe\Tictactoe\Debug\mt.command.1.tlog
E:\Miki\IIT G Mtech study\Speech processing\Assignments\Tic tac toe\Tictactoe\Tictactoe\Debug\mt.read.1.tlog
E:\Miki\IIT G Mtech study\Speech processing\Assignments\Tic tac toe\Tictactoe\Tictactoe\Debug\mt.write.1.tlog
E:\Miki\IIT G Mtech study\Speech processing\Assignments\Tic tac toe\Tictactoe\Tictactoe\Debug\rc.command.1.tlog
E:\Miki\IIT G Mtech study\Speech processing\Assignments\Tic tac toe\Tictactoe\Tictactoe\Debug\rc.read.1.tlog
E:\Miki\IIT G Mtech study\Speech processing\Assignments\Tic tac toe\Tictactoe\Tictactoe\Debug\rc.write.1.tlog
E:\MIKI\IIT G MTECH STUDY\SPEECH PROCESSING\ASSIGNMENTS\TIC TAC TOE\TICTACTOE\TICTACTOE\DEBUG\STDAFX.OBJ
E:\MIKI\IIT G MTECH STUDY\SPEECH PROCESSING\ASSIGNMENTS\TIC TAC TOE\TICTACTOE\TICTACTOE\DEBUG\TICTACTOE.EXE.INTERMEDIATE.MANIFEST
E:\Miki\IIT G Mtech study\Speech processing\Assignments\Tic tac toe\Tictactoe\Tictactoe\Debug\Tictactoe.Form1.resources
E:\MIKI\IIT G MTECH STUDY\SPEECH PROCESSING\ASSIGNMENTS\TIC TAC TOE\TICTACTOE\TICTACTOE\DEBUG\TICTACTOE.OBJ
E:\MIKI\IIT G MTECH STUDY\SPEECH PROCESSING\ASSIGNMENTS\TIC TAC TOE\TICTACTOE\TICTACTOE\DEBUG\TICTACTOE.PCH
E:\Miki\IIT G Mtech study\Speech processing\Assignments\Tic tac toe\Tictactoe\Tictactoe\Debug\Tictactoe.vcxproj.GenerateResource.Cache
E:\Miki\IIT G Mtech study\Speech processing\Assignments\Tic tac toe\Tictactoe\Tictactoe\Debug\Tictactoe.vcxprojResolveAssemblyReference.cache
E:\Miki\IIT G Mtech study\Speech processing\Assignments\Tic tac toe\Tictactoe\Tictactoe\Debug\Tictactoe.write.1.tlog
E:\MIKI\IIT G MTECH STUDY\SPEECH PROCESSING\ASSIGNMENTS\TIC TAC TOE\TICTACTOE\TICTACTOE\DEBUG\VC100.PDB
